This file contains any messages produced by compilers while
running configure, to aid debugging if configure makes a mistake.

It was created by sdbusplus configure 1.0, which was
generated by GNU Autoconf 2.69.  Invocation command line was

  $ ./configure --enable-transaction --disable-libsdbusplus

## --------- ##
## Platform. ##
## --------- ##

hostname = peter-laptop
uname -m = x86_64
uname -r = 4.10.0-37-generic
uname -s = Linux
uname -v = #41~16.04.1-Ubuntu SMP Fri Oct 6 22:42:59 UTC 2017

/usr/bin/uname -p = unknown
/bin/uname -X     = unknown

/bin/arch              = unknown
/usr/bin/arch -k       = unknown
/usr/convex/getsysinfo = unknown
/usr/bin/hostinfo      = unknown
/bin/machine           = unknown
/usr/bin/oslevel       = unknown
/bin/universe          = unknown

PATH: /usr/local/sbin
PATH: /usr/local/bin
PATH: /usr/sbin
PATH: /usr/bin
PATH: /sbin
PATH: /bin
PATH: /usr/games
PATH: /usr/local/games
PATH: /snap/bin


## ----------- ##
## Core tests. ##
## ----------- ##

configure:2470: checking for a BSD-compatible install
configure:2538: result: /usr/bin/install -c
configure:2549: checking whether build environment is sane
configure:2604: result: yes
configure:2755: checking for a thread-safe mkdir -p
configure:2794: result: /bin/mkdir -p
configure:2801: checking for gawk
configure:2817: found /usr/bin/gawk
configure:2828: result: gawk
configure:2839: checking whether make sets $(MAKE)
configure:2861: result: yes
configure:2890: checking whether make supports nested variables
configure:2907: result: yes
configure:3044: checking whether make supports nested variables
configure:3061: result: yes
configure:3133: checking for g++
configure:3149: found /usr/bin/g++
configure:3160: result: g++
configure:3187: checking for C++ compiler version
configure:3196: g++ --version >&5
g++ (Ubuntu 5.4.0-6ubuntu1~16.04.4) 5.4.0 20160609
Copyright (C) 2015 Free Software Foundation, Inc.
This is free software; see the source for copying conditions.  There is NO
warranty; not even for MERCHANTABILITY or FITNESS FOR A PARTICULAR PURPOSE.

configure:3207: $? = 0
configure:3196: g++ -v >&5
Using built-in specs.
COLLECT_GCC=g++
COLLECT_LTO_WRAPPER=/usr/lib/gcc/x86_64-linux-gnu/5/lto-wrapper
Target: x86_64-linux-gnu
Configured with: ../src/configure -v --with-pkgversion='Ubuntu 5.4.0-6ubuntu1~16.04.4' --with-bugurl=file:///usr/share/doc/gcc-5/README.Bugs --enable-languages=c,ada,c++,java,go,d,fortran,objc,obj-c++ --prefix=/usr --program-suffix=-5 --enable-shared --enable-linker-build-id --libexecdir=/usr/lib --without-included-gettext --enable-threads=posix --libdir=/usr/lib --enable-nls --with-sysroot=/ --enable-clocale=gnu --enable-libstdcxx-debug --enable-libstdcxx-time=yes --with-default-libstdcxx-abi=new --enable-gnu-unique-object --disable-vtable-verify --enable-libmpx --enable-plugin --with-system-zlib --disable-browser-plugin --enable-java-awt=gtk --enable-gtk-cairo --with-java-home=/usr/lib/jvm/java-1.5.0-gcj-5-amd64/jre --enable-java-home --with-jvm-root-dir=/usr/lib/jvm/java-1.5.0-gcj-5-amd64 --with-jvm-jar-dir=/usr/lib/jvm-exports/java-1.5.0-gcj-5-amd64 --with-arch-directory=amd64 --with-ecj-jar=/usr/share/java/eclipse-ecj.jar --enable-objc-gc --enable-multiarch --disable-werror --with-arch-32=i686 --with-abi=m64 --with-multilib-list=m32,m64,mx32 --enable-multilib --with-tune=generic --enable-checking=release --build=x86_64-linux-gnu --host=x86_64-linux-gnu --target=x86_64-linux-gnu
Thread model: posix
gcc version 5.4.0 20160609 (Ubuntu 5.4.0-6ubuntu1~16.04.4) 
configure:3207: $? = 0
configure:3196: g++ -V >&5
g++: error: unrecognized command line option '-V'
g++: fatal error: no input files
compilation terminated.
configure:3207: $? = 1
configure:3196: g++ -qversion >&5
g++: error: unrecognized command line option '-qversion'
g++: fatal error: no input files
compilation terminated.
configure:3207: $? = 1
configure:3227: checking whether the C++ compiler works
configure:3249: g++    conftest.cpp  >&5
configure:3253: $? = 0
configure:3301: result: yes
configure:3304: checking for C++ compiler default output file name
configure:3306: result: a.out
configure:3312: checking for suffix of executables
configure:3319: g++ -o conftest    conftest.cpp  >&5
configure:3323: $? = 0
configure:3345: result: 
configure:3367: checking whether we are cross compiling
configure:3375: g++ -o conftest    conftest.cpp  >&5
configure:3379: $? = 0
configure:3386: ./conftest
configure:3390: $? = 0
configure:3405: result: no
configure:3410: checking for suffix of object files
configure:3432: g++ -c   conftest.cpp >&5
configure:3436: $? = 0
configure:3457: result: o
configure:3461: checking whether we are using the GNU C++ compiler
configure:3480: g++ -c   conftest.cpp >&5
configure:3480: $? = 0
configure:3489: result: yes
configure:3498: checking whether g++ accepts -g
configure:3518: g++ -c -g  conftest.cpp >&5
configure:3518: $? = 0
configure:3559: result: yes
configure:3593: checking for style of include used by make
configure:3621: result: GNU
configure:3647: checking dependency style of g++
configure:3758: result: gcc3
configure:3821: checking for gcc
configure:3837: found /usr/bin/gcc
configure:3848: result: gcc
configure:4077: checking for C compiler version
configure:4086: gcc --version >&5
gcc (Ubuntu 5.4.0-6ubuntu1~16.04.4) 5.4.0 20160609
Copyright (C) 2015 Free Software Foundation, Inc.
This is free software; see the source for copying conditions.  There is NO
warranty; not even for MERCHANTABILITY or FITNESS FOR A PARTICULAR PURPOSE.

configure:4097: $? = 0
configure:4086: gcc -v >&5
Using built-in specs.
COLLECT_GCC=gcc
COLLECT_LTO_WRAPPER=/usr/lib/gcc/x86_64-linux-gnu/5/lto-wrapper
Target: x86_64-linux-gnu
Configured with: ../src/configure -v --with-pkgversion='Ubuntu 5.4.0-6ubuntu1~16.04.4' --with-bugurl=file:///usr/share/doc/gcc-5/README.Bugs --enable-languages=c,ada,c++,java,go,d,fortran,objc,obj-c++ --prefix=/usr --program-suffix=-5 --enable-shared --enable-linker-build-id --libexecdir=/usr/lib --without-included-gettext --enable-threads=posix --libdir=/usr/lib --enable-nls --with-sysroot=/ --enable-clocale=gnu --enable-libstdcxx-debug --enable-libstdcxx-time=yes --with-default-libstdcxx-abi=new --enable-gnu-unique-object --disable-vtable-verify --enable-libmpx --enable-plugin --with-system-zlib --disable-browser-plugin --enable-java-awt=gtk --enable-gtk-cairo --with-java-home=/usr/lib/jvm/java-1.5.0-gcj-5-amd64/jre --enable-java-home --with-jvm-root-dir=/usr/lib/jvm/java-1.5.0-gcj-5-amd64 --with-jvm-jar-dir=/usr/lib/jvm-exports/java-1.5.0-gcj-5-amd64 --with-arch-directory=amd64 --with-ecj-jar=/usr/share/java/eclipse-ecj.jar --enable-objc-gc --enable-multiarch --disable-werror --with-arch-32=i686 --with-abi=m64 --with-multilib-list=m32,m64,mx32 --enable-multilib --with-tune=generic --enable-checking=release --build=x86_64-linux-gnu --host=x86_64-linux-gnu --target=x86_64-linux-gnu
Thread model: posix
gcc version 5.4.0 20160609 (Ubuntu 5.4.0-6ubuntu1~16.04.4) 
configure:4097: $? = 0
configure:4086: gcc -V >&5
gcc: error: unrecognized command line option '-V'
gcc: fatal error: no input files
compilation terminated.
configure:4097: $? = 1
configure:4086: gcc -qversion >&5
gcc: error: unrecognized command line option '-qversion'
gcc: fatal error: no input files
compilation terminated.
configure:4097: $? = 1
configure:4101: checking whether we are using the GNU C compiler
configure:4120: gcc -c   conftest.c >&5
configure:4120: $? = 0
configure:4129: result: yes
configure:4138: checking whether gcc accepts -g
configure:4158: gcc -c -g  conftest.c >&5
configure:4158: $? = 0
configure:4199: result: yes
configure:4216: checking for gcc option to accept ISO C89
configure:4279: gcc  -c -g -O2  conftest.c >&5
configure:4279: $? = 0
configure:4292: result: none needed
configure:4317: checking whether gcc understands -c and -o together
configure:4339: gcc -c conftest.c -o conftest2.o
configure:4342: $? = 0
configure:4339: gcc -c conftest.c -o conftest2.o
configure:4342: $? = 0
configure:4354: result: yes
configure:4373: checking dependency style of gcc
configure:4484: result: gcc3
configure:4549: checking for ar
configure:4565: found /usr/bin/ar
configure:4576: result: ar
configure:4602: checking the archiver (ar) interface
configure:4618: gcc -c -g -O2  conftest.c >&5
configure:4618: $? = 0
configure:4620: ar cru libconftest.a conftest.o >&5
ar: `u' modifier ignored since `D' is the default (see `U')
configure:4623: $? = 0
configure:4651: result: ar
configure:4672: checking whether make sets $(MAKE)
configure:4694: result: yes
configure:4740: checking for a Python interpreter with version >= 2.7
configure:4757: python -c import sys # split strings by '.' and convert to numeric. Append some zeros # because we need at least 4 digits for the hex conversion. # map returns an iterator in Python 3.0 and a list in 2.x minver = list(map(int, '2.7'.split('.'))) + [0, 0, 0] minverhex = 0 # xrange is not present in Python 3.0 and range returns an iterator for i in list(range(0, 4)): minverhex = (minverhex << 8) + minver[i] sys.exit(sys.hexversion < minverhex)
configure:4760: $? = 0
configure:4766: result: python
configure:4774: checking for python
configure:4792: found /usr/bin/python
configure:4804: result: /usr/bin/python
configure:4822: checking for python version
configure:4829: result: 2.7
configure:4841: checking for python platform
configure:4848: result: linux2
configure:4874: checking for python script directory
configure:4909: result: ${prefix}/lib/python2.7/dist-packages
configure:4918: checking for python extension module directory
configure:4953: result: ${exec_prefix}/lib/python2.7/dist-packages
configure:5051: checking for pkg-config
configure:5069: found /usr/bin/pkg-config
configure:5081: result: /usr/bin/pkg-config
configure:5106: checking pkg-config is at least version 0.9.0
configure:5109: result: yes
configure:5126: checking for SYSTEMD
configure:5133: $PKG_CONFIG --exists --print-errors "libsystemd >= 221 "
Package libsystemd was not found in the pkg-config search path.
Perhaps you should add the directory containing `libsystemd.pc'
to the PKG_CONFIG_PATH environment variable
No package 'libsystemd' found
configure:5136: $? = 1
configure:5150: $PKG_CONFIG --exists --print-errors "libsystemd >= 221 "
Package libsystemd was not found in the pkg-config search path.
Perhaps you should add the directory containing `libsystemd.pc'
to the PKG_CONFIG_PATH environment variable
No package 'libsystemd' found
configure:5153: $? = 1
configure:5167: result: no
No package 'libsystemd' found
configure:5250: checking how to run the C preprocessor
configure:5281: gcc -E  conftest.c
configure:5281: $? = 0
configure:5295: gcc -E  conftest.c
conftest.c:11:28: fatal error: ac_nonexistent.h: No such file or directory
compilation terminated.
configure:5295: $? = 1
configure: failed program was:
| /* confdefs.h */
| #define PACKAGE_NAME "sdbusplus"
| #define PACKAGE_TARNAME "sdbusplus"
| #define PACKAGE_VERSION "1.0"
| #define PACKAGE_STRING "sdbusplus 1.0"
| #define PACKAGE_BUGREPORT "https://github.com/openbmc/sdbusplus/issues"
| #define PACKAGE_URL ""
| #define PACKAGE "sdbusplus"
| #define VERSION "1.0"
| /* end confdefs.h.  */
| #include <ac_nonexistent.h>
configure:5320: result: gcc -E
configure:5340: gcc -E  conftest.c
configure:5340: $? = 0
configure:5354: gcc -E  conftest.c
conftest.c:11:28: fatal error: ac_nonexistent.h: No such file or directory
compilation terminated.
configure:5354: $? = 1
configure: failed program was:
| /* confdefs.h */
| #define PACKAGE_NAME "sdbusplus"
| #define PACKAGE_TARNAME "sdbusplus"
| #define PACKAGE_VERSION "1.0"
| #define PACKAGE_STRING "sdbusplus 1.0"
| #define PACKAGE_BUGREPORT "https://github.com/openbmc/sdbusplus/issues"
| #define PACKAGE_URL ""
| #define PACKAGE "sdbusplus"
| #define VERSION "1.0"
| /* end confdefs.h.  */
| #include <ac_nonexistent.h>
configure:5383: checking for grep that handles long lines and -e
configure:5441: result: /bin/grep
configure:5446: checking for egrep
configure:5508: result: /bin/grep -E
configure:5513: checking for ANSI C header files
configure:5533: gcc -c -g -O2  conftest.c >&5
configure:5533: $? = 0
configure:5606: gcc -o conftest -g -O2   conftest.c  >&5
configure:5606: $? = 0
configure:5606: ./conftest
configure:5606: $? = 0
configure:5617: result: yes
configure:5630: checking for sys/types.h
configure:5630: gcc -c -g -O2  conftest.c >&5
configure:5630: $? = 0
configure:5630: result: yes
configure:5630: checking for sys/stat.h
configure:5630: gcc -c -g -O2  conftest.c >&5
configure:5630: $? = 0
configure:5630: result: yes
configure:5630: checking for stdlib.h
configure:5630: gcc -c -g -O2  conftest.c >&5
configure:5630: $? = 0
configure:5630: result: yes
configure:5630: checking for string.h
configure:5630: gcc -c -g -O2  conftest.c >&5
configure:5630: $? = 0
configure:5630: result: yes
configure:5630: checking for memory.h
configure:5630: gcc -c -g -O2  conftest.c >&5
configure:5630: $? = 0
configure:5630: result: yes
configure:5630: checking for strings.h
configure:5630: gcc -c -g -O2  conftest.c >&5
configure:5630: $? = 0
configure:5630: result: yes
configure:5630: checking for inttypes.h
configure:5630: gcc -c -g -O2  conftest.c >&5
configure:5630: $? = 0
configure:5630: result: yes
configure:5630: checking for stdint.h
configure:5630: gcc -c -g -O2  conftest.c >&5
configure:5630: $? = 0
configure:5630: result: yes
configure:5630: checking for unistd.h
configure:5630: gcc -c -g -O2  conftest.c >&5
configure:5630: $? = 0
configure:5630: result: yes
configure:6568: checking whether C compiler accepts -Wall
configure:6587: gcc -c -g -O2  -Wall  conftest.c >&5
configure:6587: $? = 0
configure:6596: result: yes
configure:6612: : CFLAGS="$CFLAGS"
configure:6615: $? = 0
configure:6568: checking whether C compiler accepts -Werror
configure:6587: gcc -c -g -O2 -Wall  -Werror  conftest.c >&5
configure:6587: $? = 0
configure:6596: result: yes
configure:6612: : CFLAGS="$CFLAGS"
configure:6615: $? = 0
configure:6643: checking whether C compiler accepts -Wall
configure:6671: result: yes
configure:6687: : CXXFLAGS="$CXXFLAGS"
configure:6690: $? = 0
configure:6643: checking whether C compiler accepts -Werror
configure:6671: result: yes
configure:6687: : CXXFLAGS="$CXXFLAGS"
configure:6690: $? = 0
configure:6743: checking build system type
configure:6757: result: x86_64-pc-linux-gnu
configure:6777: checking host system type
configure:6790: result: x86_64-pc-linux-gnu
configure:6831: checking how to print strings
configure:6858: result: printf
configure:6879: checking for a sed that does not truncate output
configure:6943: result: /bin/sed
configure:6961: checking for fgrep
configure:7023: result: /bin/grep -F
configure:7058: checking for ld used by gcc
configure:7125: result: /usr/bin/ld
configure:7132: checking if the linker (/usr/bin/ld) is GNU ld
configure:7147: result: yes
configure:7159: checking for BSD- or MS-compatible name lister (nm)
configure:7213: result: /usr/bin/nm -B
configure:7343: checking the name lister (/usr/bin/nm -B) interface
configure:7350: gcc -c -g -O2 -Wall -Werror  conftest.c >&5
configure:7353: /usr/bin/nm -B "conftest.o"
configure:7356: output
0000000000000000 B some_variable
configure:7363: result: BSD nm
configure:7366: checking whether ln -s works
configure:7370: result: yes
configure:7378: checking the maximum length of command line arguments
configure:7509: result: 1572864
configure:7557: checking how to convert x86_64-pc-linux-gnu file names to x86_64-pc-linux-gnu format
configure:7597: result: func_convert_file_noop
configure:7604: checking how to convert x86_64-pc-linux-gnu file names to toolchain format
configure:7624: result: func_convert_file_noop
configure:7631: checking for /usr/bin/ld option to reload object files
configure:7638: result: -r
configure:7712: checking for objdump
configure:7728: found /usr/bin/objdump
configure:7739: result: objdump
configure:7771: checking how to recognize dependent libraries
configure:7971: result: pass_all
configure:8056: checking for dlltool
configure:8086: result: no
configure:8116: checking how to associate runtime and link libraries
configure:8143: result: printf %s\n
configure:8267: checking for archiver @FILE support
configure:8284: gcc -c -g -O2 -Wall -Werror  conftest.c >&5
configure:8284: $? = 0
configure:8287: ar cru libconftest.a @conftest.lst >&5
ar: `u' modifier ignored since `D' is the default (see `U')
configure:8290: $? = 0
configure:8295: ar cru libconftest.a @conftest.lst >&5
ar: `u' modifier ignored since `D' is the default (see `U')
ar: conftest.o: No such file or directory
configure:8298: $? = 1
configure:8310: result: @
configure:8368: checking for strip
configure:8384: found /usr/bin/strip
configure:8395: result: strip
configure:8467: checking for ranlib
configure:8483: found /usr/bin/ranlib
configure:8494: result: ranlib
configure:8596: checking command to parse /usr/bin/nm -B output from gcc object
configure:8749: gcc -c -g -O2 -Wall -Werror  conftest.c >&5
configure:8752: $? = 0
configure:8756: /usr/bin/nm -B conftest.o \| sed -n -e 's/^.*[ ]\([ABCDGIRSTW][ABCDGIRSTW]*\)[ ][ ]*\([_A-Za-z][_A-Za-z0-9]*\)$/\1 \2 \2/p' | sed '/ __gnu_lto/d' \> conftest.nm
configure:8759: $? = 0
configure:8825: gcc -o conftest -g -O2 -Wall -Werror   conftest.c conftstm.o >&5
configure:8828: $? = 0
configure:8866: result: ok
configure:8913: checking for sysroot
configure:8943: result: no
configure:8950: checking for a working dd
configure:8988: result: /bin/dd
configure:8992: checking how to truncate binary pipes
configure:9007: result: /bin/dd bs=4096 count=1
configure:9143: gcc -c -g -O2 -Wall -Werror  conftest.c >&5
configure:9146: $? = 0
configure:9336: checking for mt
configure:9352: found /bin/mt
configure:9363: result: mt
configure:9386: checking if mt is a manifest tool
configure:9392: mt '-?'
configure:9400: result: no
configure:10074: checking for dlfcn.h
configure:10074: gcc -c -g -O2 -Wall -Werror  conftest.c >&5
configure:10074: $? = 0
configure:10074: result: yes
configure:10340: checking for objdir
configure:10355: result: .libs
configure:10615: checking if gcc supports -fno-rtti -fno-exceptions
configure:10633: gcc -c -g -O2 -Wall -Werror  -fno-rtti -fno-exceptions conftest.c >&5
cc1: error: command line option '-fno-rtti' is valid for C++/ObjC++ but not for C [-Werror]
cc1: all warnings being treated as errors
configure:10637: $? = 1
configure:10650: result: no
configure:11008: checking for gcc option to produce PIC
configure:11015: result: -fPIC -DPIC
configure:11023: checking if gcc PIC flag -fPIC -DPIC works
configure:11041: gcc -c -g -O2 -Wall -Werror  -fPIC -DPIC -DPIC conftest.c >&5
configure:11045: $? = 0
configure:11058: result: yes
configure:11087: checking if gcc static flag -static works
configure:11115: result: yes
configure:11130: checking if gcc supports -c -o file.o
configure:11151: gcc -c -g -O2 -Wall -Werror  -o out/conftest2.o conftest.c >&5
configure:11155: $? = 0
configure:11177: result: yes
configure:11185: checking if gcc supports -c -o file.o
configure:11232: result: yes
configure:11265: checking whether the gcc linker (/usr/bin/ld -m elf_x86_64) supports shared libraries
configure:12528: result: yes
configure:12565: checking whether -lc should be explicitly linked in
configure:12573: gcc -c -g -O2 -Wall -Werror  conftest.c >&5
configure:12576: $? = 0
configure:12591: gcc -shared  -fPIC -DPIC conftest.o  -v -Wl,-soname -Wl,conftest -o conftest 2\>\&1 \| /bin/grep  -lc  \>/dev/null 2\>\&1
configure:12594: $? = 0
configure:12608: result: no
configure:12768: checking dynamic linker characteristics
configure:13349: gcc -o conftest -g -O2 -Wall -Werror   -Wl,-rpath -Wl,/foo conftest.c  >&5
configure:13349: $? = 0
configure:13598: result: GNU/Linux ld.so
configure:13720: checking how to hardcode library paths into programs
configure:13745: result: immediate
configure:14293: checking whether stripping libraries is possible
configure:14298: result: yes
configure:14333: checking if libtool supports shared libraries
configure:14335: result: yes
configure:14338: checking whether to build shared libraries
configure:14363: result: yes
configure:14366: checking whether to build static libraries
configure:14370: result: yes
configure:14393: checking how to run the C++ preprocessor
configure:14420: g++ -E  conftest.cpp
configure:14420: $? = 0
configure:14434: g++ -E  conftest.cpp
conftest.cpp:23:28: fatal error: ac_nonexistent.h: No such file or directory
compilation terminated.
configure:14434: $? = 1
configure: failed program was:
| /* confdefs.h */
| #define PACKAGE_NAME "sdbusplus"
| #define PACKAGE_TARNAME "sdbusplus"
| #define PACKAGE_VERSION "1.0"
| #define PACKAGE_STRING "sdbusplus 1.0"
| #define PACKAGE_BUGREPORT "https://github.com/openbmc/sdbusplus/issues"
| #define PACKAGE_URL ""
| #define PACKAGE "sdbusplus"
| #define VERSION "1.0"
| #define STDC_HEADERS 1
| #define HAVE_SYS_TYPES_H 1
| #define HAVE_SYS_STAT_H 1
| #define HAVE_STDLIB_H 1
| #define HAVE_STRING_H 1
| #define HAVE_MEMORY_H 1
| #define HAVE_STRINGS_H 1
| #define HAVE_INTTYPES_H 1
| #define HAVE_STDINT_H 1
| #define HAVE_UNISTD_H 1
| #define HAVE_DLFCN_H 1
| #define LT_OBJDIR ".libs/"
| /* end confdefs.h.  */
| #include <ac_nonexistent.h>
configure:14459: result: g++ -E
configure:14479: g++ -E  conftest.cpp
configure:14479: $? = 0
configure:14493: g++ -E  conftest.cpp
conftest.cpp:23:28: fatal error: ac_nonexistent.h: No such file or directory
compilation terminated.
configure:14493: $? = 1
configure: failed program was:
| /* confdefs.h */
| #define PACKAGE_NAME "sdbusplus"
| #define PACKAGE_TARNAME "sdbusplus"
| #define PACKAGE_VERSION "1.0"
| #define PACKAGE_STRING "sdbusplus 1.0"
| #define PACKAGE_BUGREPORT "https://github.com/openbmc/sdbusplus/issues"
| #define PACKAGE_URL ""
| #define PACKAGE "sdbusplus"
| #define VERSION "1.0"
| #define STDC_HEADERS 1
| #define HAVE_SYS_TYPES_H 1
| #define HAVE_SYS_STAT_H 1
| #define HAVE_STDLIB_H 1
| #define HAVE_STRING_H 1
| #define HAVE_MEMORY_H 1
| #define HAVE_STRINGS_H 1
| #define HAVE_INTTYPES_H 1
| #define HAVE_STDINT_H 1
| #define HAVE_UNISTD_H 1
| #define HAVE_DLFCN_H 1
| #define LT_OBJDIR ".libs/"
| /* end confdefs.h.  */
| #include <ac_nonexistent.h>
configure:14655: checking for ld used by g++
configure:14722: result: /usr/bin/ld -m elf_x86_64
configure:14729: checking if the linker (/usr/bin/ld -m elf_x86_64) is GNU ld
configure:14744: result: yes
configure:14799: checking whether the g++ linker (/usr/bin/ld -m elf_x86_64) supports shared libraries
configure:15872: result: yes
configure:15908: g++ -c -g -O2 -Wall -Werror  conftest.cpp >&5
configure:15911: $? = 0
configure:16392: checking for g++ option to produce PIC
configure:16399: result: -fPIC -DPIC
configure:16407: checking if g++ PIC flag -fPIC -DPIC works
configure:16425: g++ -c -g -O2 -Wall -Werror  -fPIC -DPIC -DPIC conftest.cpp >&5
configure:16429: $? = 0
configure:16442: result: yes
configure:16465: checking if g++ static flag -static works
configure:16493: result: yes
configure:16505: checking if g++ supports -c -o file.o
configure:16526: g++ -c -g -O2 -Wall -Werror  -o out/conftest2.o conftest.cpp >&5
configure:16530: $? = 0
configure:16552: result: yes
configure:16557: checking if g++ supports -c -o file.o
configure:16604: result: yes
configure:16634: checking whether the g++ linker (/usr/bin/ld -m elf_x86_64) supports shared libraries
configure:16677: result: yes
configure:16818: checking dynamic linker characteristics
configure:17575: result: GNU/Linux ld.so
configure:17640: checking how to hardcode library paths into programs
configure:17665: result: immediate
configure:17911: checking whether gcc is Clang
configure:17936: result: no
configure:18059: checking whether pthreads work with -pthread
configure:18153: gcc -o conftest -g -O2 -Wall -Werror -pthread   conftest.c   >&5
configure:18153: $? = 0
configure:18162: result: yes
configure:18181: checking for joinable pthread attribute
configure:18199: gcc -o conftest -g -O2 -Wall -Werror -pthread   conftest.c   >&5
configure:18199: $? = 0
configure:18207: result: PTHREAD_CREATE_JOINABLE
configure:18221: checking whether more special flags are required for pthreads
configure:18234: result: no
configure:18242: checking for PTHREAD_PRIO_INHERIT
configure:18258: gcc -o conftest -g -O2 -Wall -Werror -pthread   conftest.c   >&5
conftest.c: In function 'main':
conftest.c:27:5: error: unused variable 'i' [-Werror=unused-variable]
 int i = PTHREAD_PRIO_INHERIT;
     ^
cc1: all warnings being treated as errors
configure:18258: $? = 1
configure: failed program was:
| /* confdefs.h */
| #define PACKAGE_NAME "sdbusplus"
| #define PACKAGE_TARNAME "sdbusplus"
| #define PACKAGE_VERSION "1.0"
| #define PACKAGE_STRING "sdbusplus 1.0"
| #define PACKAGE_BUGREPORT "https://github.com/openbmc/sdbusplus/issues"
| #define PACKAGE_URL ""
| #define PACKAGE "sdbusplus"
| #define VERSION "1.0"
| #define STDC_HEADERS 1
| #define HAVE_SYS_TYPES_H 1
| #define HAVE_SYS_STAT_H 1
| #define HAVE_STDLIB_H 1
| #define HAVE_STRING_H 1
| #define HAVE_MEMORY_H 1
| #define HAVE_STRINGS_H 1
| #define HAVE_INTTYPES_H 1
| #define HAVE_STDINT_H 1
| #define HAVE_UNISTD_H 1
| #define HAVE_DLFCN_H 1
| #define LT_OBJDIR ".libs/"
| /* end confdefs.h.  */
| #include <pthread.h>
| int
| main ()
| {
| int i = PTHREAD_PRIO_INHERIT;
|   ;
|   return 0;
| }
configure:18267: result: no
configure:18516: checking that generated files are newer than configure
configure:18522: result: done
configure:18561: creating ./config.status

## ---------------------- ##
## Running config.status. ##
## ---------------------- ##

This file was extended by sdbusplus config.status 1.0, which was
generated by GNU Autoconf 2.69.  Invocation command line was

  CONFIG_FILES    = 
  CONFIG_HEADERS  = 
  CONFIG_LINKS    = 
  CONFIG_COMMANDS = 
  $ ./config.status 

on peter-laptop

config.status:1188: creating Makefile
config.status:1188: creating test/Makefile
config.status:1188: creating tools/Makefile
config.status:1188: creating tools/setup.py
config.status:1188: creating example/Makefile
config.status:1188: creating sdbusplus.pc
config.status:1188: creating sdbusplus/bus.hpp
config.status:1188: creating sdbusplus/server.hpp
config.status:1188: creating tools/sdbusplus/templates/interface.mako.server.cpp
config.status:1188: creating tools/sdbusplus/templates/method.mako.prototype.hpp
config.status:1188: creating config.h
config.status:1369: config.h is unchanged
config.status:1417: executing depfiles commands
config.status:1417: executing libtool commands

## ---------------- ##
## Cache variables. ##
## ---------------- ##

ac_cv_build=x86_64-pc-linux-gnu
ac_cv_c_compiler_gnu=yes
ac_cv_cxx_compiler_gnu=yes
ac_cv_env_CCC_set=
ac_cv_env_CCC_value=
ac_cv_env_CC_set=
ac_cv_env_CC_value=
ac_cv_env_CFLAGS_set=
ac_cv_env_CFLAGS_value=
ac_cv_env_CPPFLAGS_set=
ac_cv_env_CPPFLAGS_value=
ac_cv_env_CPP_set=
ac_cv_env_CPP_value=
ac_cv_env_CXXCPP_set=
ac_cv_env_CXXCPP_value=
ac_cv_env_CXXFLAGS_set=
ac_cv_env_CXXFLAGS_value=
ac_cv_env_CXX_set=
ac_cv_env_CXX_value=
ac_cv_env_LDFLAGS_set=
ac_cv_env_LDFLAGS_value=
ac_cv_env_LIBS_set=
ac_cv_env_LIBS_value=
ac_cv_env_LT_SYS_LIBRARY_PATH_set=
ac_cv_env_LT_SYS_LIBRARY_PATH_value=
ac_cv_env_OECORE_TARGET_SYSROOT_set=
ac_cv_env_OECORE_TARGET_SYSROOT_value=
ac_cv_env_PKG_CONFIG_LIBDIR_set=
ac_cv_env_PKG_CONFIG_LIBDIR_value=
ac_cv_env_PKG_CONFIG_PATH_set=
ac_cv_env_PKG_CONFIG_PATH_value=
ac_cv_env_PKG_CONFIG_set=
ac_cv_env_PKG_CONFIG_value=
ac_cv_env_PYTHON_set=
ac_cv_env_PYTHON_value=
ac_cv_env_SYSTEMD_CFLAGS_set=
ac_cv_env_SYSTEMD_CFLAGS_value=
ac_cv_env_SYSTEMD_LIBS_set=
ac_cv_env_SYSTEMD_LIBS_value=
ac_cv_env_WANT_TRANSACTION_set=
ac_cv_env_WANT_TRANSACTION_value=
ac_cv_env_build_alias_set=
ac_cv_env_build_alias_value=
ac_cv_env_host_alias_set=
ac_cv_env_host_alias_value=
ac_cv_env_target_alias_set=
ac_cv_env_target_alias_value=
ac_cv_header_dlfcn_h=yes
ac_cv_header_inttypes_h=yes
ac_cv_header_memory_h=yes
ac_cv_header_stdc=yes
ac_cv_header_stdint_h=yes
ac_cv_header_stdlib_h=yes
ac_cv_header_string_h=yes
ac_cv_header_strings_h=yes
ac_cv_header_sys_stat_h=yes
ac_cv_header_sys_types_h=yes
ac_cv_header_unistd_h=yes
ac_cv_host=x86_64-pc-linux-gnu
ac_cv_objext=o
ac_cv_path_EGREP='/bin/grep -E'
ac_cv_path_FGREP='/bin/grep -F'
ac_cv_path_GREP=/bin/grep
ac_cv_path_PYTHON=/usr/bin/python
ac_cv_path_SED=/bin/sed
ac_cv_path_ac_pt_PKG_CONFIG=/usr/bin/pkg-config
ac_cv_path_install='/usr/bin/install -c'
ac_cv_path_lt_DD=/bin/dd
ac_cv_path_mkdir=/bin/mkdir
ac_cv_prog_AWK=gawk
ac_cv_prog_CPP='gcc -E'
ac_cv_prog_CXXCPP='g++ -E'
ac_cv_prog_ac_ct_AR=ar
ac_cv_prog_ac_ct_CC=gcc
ac_cv_prog_ac_ct_CXX=g++
ac_cv_prog_ac_ct_MANIFEST_TOOL=mt
ac_cv_prog_ac_ct_OBJDUMP=objdump
ac_cv_prog_ac_ct_RANLIB=ranlib
ac_cv_prog_ac_ct_STRIP=strip
ac_cv_prog_cc_c89=
ac_cv_prog_cc_g=yes
ac_cv_prog_cxx_g=yes
ac_cv_prog_make_make_set=yes
am_cv_CC_dependencies_compiler_type=gcc3
am_cv_CXX_dependencies_compiler_type=gcc3
am_cv_ar_interface=ar
am_cv_make_support_nested_variables=yes
am_cv_pathless_PYTHON=python
am_cv_prog_cc_c_o=yes
am_cv_python_platform=linux2
am_cv_python_pyexecdir='${exec_prefix}/lib/python2.7/dist-packages'
am_cv_python_pythondir='${prefix}/lib/python2.7/dist-packages'
am_cv_python_version=2.7
ax_cv_PTHREAD_CLANG=no
ax_cv_PTHREAD_JOINABLE_ATTR=PTHREAD_CREATE_JOINABLE
ax_cv_PTHREAD_PRIO_INHERIT=no
ax_cv_PTHREAD_SPECIAL_FLAGS=no
ax_cv_check_cflags___Wall=yes
ax_cv_check_cflags___Werror=yes
lt_cv_ar_at_file=@
lt_cv_archive_cmds_need_lc=no
lt_cv_deplibs_check_method=pass_all
lt_cv_file_magic_cmd='$MAGIC_CMD'
lt_cv_file_magic_test_file=
lt_cv_ld_reload_flag=-r
lt_cv_nm_interface='BSD nm'
lt_cv_objdir=.libs
lt_cv_path_LD=/usr/bin/ld
lt_cv_path_LDCXX='/usr/bin/ld -m elf_x86_64'
lt_cv_path_NM='/usr/bin/nm -B'
lt_cv_path_mainfest_tool=no
lt_cv_prog_compiler_c_o=yes
lt_cv_prog_compiler_c_o_CXX=yes
lt_cv_prog_compiler_pic='-fPIC -DPIC'
lt_cv_prog_compiler_pic_CXX='-fPIC -DPIC'
lt_cv_prog_compiler_pic_works=yes
lt_cv_prog_compiler_pic_works_CXX=yes
lt_cv_prog_compiler_rtti_exceptions=no
lt_cv_prog_compiler_static_works=yes
lt_cv_prog_compiler_static_works_CXX=yes
lt_cv_prog_gnu_ld=yes
lt_cv_prog_gnu_ldcxx=yes
lt_cv_sharedlib_from_linklib_cmd='printf %s\n'
lt_cv_shlibpath_overrides_runpath=no
lt_cv_sys_global_symbol_pipe='sed -n -e '\''s/^.*[	 ]\([ABCDGIRSTW][ABCDGIRSTW]*\)[	 ][	 ]*\([_A-Za-z][_A-Za-z0-9]*\)$/\1 \2 \2/p'\'' | sed '\''/ __gnu_lto/d'\'''
lt_cv_sys_global_symbol_to_c_name_address='sed -n -e '\''s/^: \(.*\) .*$/  {"\1", (void *) 0},/p'\'' -e '\''s/^[ABCDGIRSTW][ABCDGIRSTW]* .* \(.*\)$/  {"\1", (void *) \&\1},/p'\'''
lt_cv_sys_global_symbol_to_c_name_address_lib_prefix='sed -n -e '\''s/^: \(.*\) .*$/  {"\1", (void *) 0},/p'\'' -e '\''s/^[ABCDGIRSTW][ABCDGIRSTW]* .* \(lib.*\)$/  {"\1", (void *) \&\1},/p'\'' -e '\''s/^[ABCDGIRSTW][ABCDGIRSTW]* .* \(.*\)$/  {"lib\1", (void *) \&\1},/p'\'''
lt_cv_sys_global_symbol_to_cdecl='sed -n -e '\''s/^T .* \(.*\)$/extern int \1();/p'\'' -e '\''s/^[ABCDGIRSTW][ABCDGIRSTW]* .* \(.*\)$/extern char \1;/p'\'''
lt_cv_sys_global_symbol_to_import=
lt_cv_sys_max_cmd_len=1572864
lt_cv_to_host_file_cmd=func_convert_file_noop
lt_cv_to_tool_file_cmd=func_convert_file_noop
lt_cv_truncate_bin='/bin/dd bs=4096 count=1'

## ----------------- ##
## Output variables. ##
## ----------------- ##

ACLOCAL='${SHELL} /home/peter/pod-g3/workspace-eclipse/sdbusplus/sdbusplus/missing aclocal-1.15'
AMDEPBACKSLASH='\'
AMDEP_FALSE='#'
AMDEP_TRUE=''
AMTAR='$${TAR-tar}'
AM_BACKSLASH='\'
AM_DEFAULT_V='$(AM_DEFAULT_VERBOSITY)'
AM_DEFAULT_VERBOSITY='0'
AM_V='$(V)'
AR='ar'
AUTOCONF='${SHELL} /home/peter/pod-g3/workspace-eclipse/sdbusplus/sdbusplus/missing autoconf'
AUTOHEADER='${SHELL} /home/peter/pod-g3/workspace-eclipse/sdbusplus/sdbusplus/missing autoheader'
AUTOMAKE='${SHELL} /home/peter/pod-g3/workspace-eclipse/sdbusplus/sdbusplus/missing automake-1.15'
AWK='gawk'
AX_PACKAGE_REQUIRES=' libsystemd >= 221'
AX_PACKAGE_REQUIRES_PRIVATE=' '
CC='gcc'
CCDEPMODE='depmode=gcc3'
CFLAGS='-g -O2 -Wall -Werror'
CPP='gcc -E'
CPPFLAGS=''
CXX='g++'
CXXCPP='g++ -E'
CXXDEPMODE='depmode=gcc3'
CXXFLAGS='-g -O2 -Wall -Werror'
CYGPATH_W='echo'
DEFS='-DHAVE_CONFIG_H'
DEPDIR='.deps'
DLLTOOL='false'
DSYMUTIL=''
DUMPBIN=''
ECHO_C=''
ECHO_N='-n'
ECHO_T=''
EGREP='/bin/grep -E'
EXEEXT=''
FGREP='/bin/grep -F'
GREP='/bin/grep'
GTEST_CPPFLAGS='-DGTEST_HAS_PTHREAD=1'
HAVE_CXX14=''
INSTALL_DATA='${INSTALL} -m 644'
INSTALL_PROGRAM='${INSTALL}'
INSTALL_SCRIPT='${INSTALL}'
INSTALL_STRIP_PROGRAM='$(install_sh) -c -s'
LD='/usr/bin/ld -m elf_x86_64'
LDFLAGS=''
LIBOBJS=''
LIBS=''
LIBTOOL='$(SHELL) $(top_builddir)/libtool'
LIPO=''
LN_S='ln -s'
LTLIBOBJS=''
LT_SYS_LIBRARY_PATH=''
MAKEINFO='${SHELL} /home/peter/pod-g3/workspace-eclipse/sdbusplus/sdbusplus/missing makeinfo'
MANIFEST_TOOL=':'
MKDIR_P='/bin/mkdir -p'
NM='/usr/bin/nm -B'
NMEDIT=''
OBJDUMP='objdump'
OBJEXT='o'
OECORE_TARGET_SYSROOT=''
OESDK_TESTCASE_FLAGS=''
OTOOL64=''
OTOOL=''
PACKAGE='sdbusplus'
PACKAGE_BUGREPORT='https://github.com/openbmc/sdbusplus/issues'
PACKAGE_NAME='sdbusplus'
PACKAGE_STRING='sdbusplus 1.0'
PACKAGE_TARNAME='sdbusplus'
PACKAGE_URL=''
PACKAGE_VERSION='1.0'
PATH_SEPARATOR=':'
PKG_CONFIG='/usr/bin/pkg-config'
PKG_CONFIG_LIBDIR=''
PKG_CONFIG_PATH=''
PTHREAD_CC='gcc'
PTHREAD_CFLAGS='-pthread'
PTHREAD_LIBS=''
PYTHON='/usr/bin/python'
PYTHONDIR='${prefix}/lib/python2.7/dist-packages'
PYTHON_EXEC_PREFIX='${exec_prefix}'
PYTHON_PLATFORM='linux2'
PYTHON_PREFIX='${prefix}'
PYTHON_VERSION='2.7'
RANLIB='ranlib'
SED='/bin/sed'
SET_MAKE=''
SHELL='/bin/bash'
STRIP='strip'
SYSTEMD_CFLAGS=''
SYSTEMD_LIBS=''
VERSION='1.0'
WANT_LIBSDBUSPLUS_FALSE=''
WANT_LIBSDBUSPLUS_TRUE='#'
WANT_SDBUSPP_FALSE='#'
WANT_SDBUSPP_TRUE=''
WANT_TRANSACTION='1'
WANT_TRANSACTION_FALSE='#'
WANT_TRANSACTION_TRUE=''
ac_ct_AR='ar'
ac_ct_CC='gcc'
ac_ct_CXX='g++'
ac_ct_DUMPBIN=''
am__EXEEXT_FALSE=''
am__EXEEXT_TRUE='#'
am__fastdepCC_FALSE='#'
am__fastdepCC_TRUE=''
am__fastdepCXX_FALSE='#'
am__fastdepCXX_TRUE=''
am__include='include'
am__isrc=''
am__leading_dot='.'
am__nodep='_no'
am__quote=''
am__tar='$${TAR-tar} chof - "$$tardir"'
am__untar='$${TAR-tar} xf -'
ax_pthread_config=''
bindir='${exec_prefix}/bin'
build='x86_64-pc-linux-gnu'
build_alias=''
build_cpu='x86_64'
build_os='linux-gnu'
build_vendor='pc'
datadir='${datarootdir}'
datarootdir='${prefix}/share'
docdir='${datarootdir}/doc/${PACKAGE_TARNAME}'
dvidir='${docdir}'
exec_prefix='${prefix}'
host='x86_64-pc-linux-gnu'
host_alias=''
host_cpu='x86_64'
host_os='linux-gnu'
host_vendor='pc'
htmldir='${docdir}'
includedir='${prefix}/include'
infodir='${datarootdir}/info'
install_sh='${SHELL} /home/peter/pod-g3/workspace-eclipse/sdbusplus/sdbusplus/install-sh'
libdir='${exec_prefix}/lib'
libexecdir='${exec_prefix}/libexec'
localedir='${datarootdir}/locale'
localstatedir='${prefix}/var'
mandir='${datarootdir}/man'
mkdir_p='$(MKDIR_P)'
oldincludedir='/usr/include'
pdfdir='${docdir}'
pkgpyexecdir='${pyexecdir}/sdbusplus'
pkgpythondir='${pythondir}/sdbusplus'
prefix='/usr/local'
program_transform_name='s,x,x,'
psdir='${docdir}'
pyexecdir='${exec_prefix}/lib/python2.7/dist-packages'
pythondir='${prefix}/lib/python2.7/dist-packages'
runstatedir='${localstatedir}/run'
sbindir='${exec_prefix}/sbin'
sharedstatedir='${prefix}/com'
sysconfdir='${prefix}/etc'
target_alias=''

## ----------- ##
## confdefs.h. ##
## ----------- ##

/* confdefs.h */
#define PACKAGE_NAME "sdbusplus"
#define PACKAGE_TARNAME "sdbusplus"
#define PACKAGE_VERSION "1.0"
#define PACKAGE_STRING "sdbusplus 1.0"
#define PACKAGE_BUGREPORT "https://github.com/openbmc/sdbusplus/issues"
#define PACKAGE_URL ""
#define PACKAGE "sdbusplus"
#define VERSION "1.0"
#define STDC_HEADERS 1
#define HAVE_SYS_TYPES_H 1
#define HAVE_SYS_STAT_H 1
#define HAVE_STDLIB_H 1
#define HAVE_STRING_H 1
#define HAVE_MEMORY_H 1
#define HAVE_STRINGS_H 1
#define HAVE_INTTYPES_H 1
#define HAVE_STDINT_H 1
#define HAVE_UNISTD_H 1
#define HAVE_DLFCN_H 1
#define LT_OBJDIR ".libs/"

configure: exit 0
